#
# There is insufficient memory for the Java Runtime Environment to continue.
# Native memory allocation (malloc) failed to allocate 32744 bytes for ChunkPool::allocate
# Possible reasons:
#   The system is out of physical RAM or swap space
#   The process is running with CompressedOops enabled, and the Java Heap may be blocking the growth of the native heap
# Possible solutions:
#   Reduce memory load on the system
#   Increase physical memory or swap space
#   Check if swap backing store is full
#   Decrease Java heap size (-Xmx/-Xms)
#   Decrease number of Java threads
#   Decrease Java thread stack sizes (-Xss)
#   Set larger code cache with -XX:ReservedCodeCacheSize=
#   JVM is running with Zero Based Compressed Oops mode in which the Java heap is
#     placed in the first 32GB address space. The Java Heap base address is the
#     maximum limit for the native heap growth. Please use -XX:HeapBaseMinAddress
#     to set the Java Heap base and to place the Java Heap above 32GB virtual address.
# This output file may be truncated or incomplete.
#
#  Out of Memory Error (arena.cpp:78), pid=14876, tid=16212
#
# JRE version: OpenJDK Runtime Environment (17.0.6) (build 17.0.6+0-b2043.56-9586694)
# Java VM: OpenJDK 64-Bit Server VM (17.0.6+0-b2043.56-9586694, mixed mode, tiered, compressed oops, compressed class ptrs, g1 gc, windows-amd64)
# No core dump will be written. Minidumps are not enabled by default on client versions of Windows
#

---------------  S U M M A R Y ------------

Command Line: -Dorg.gradle.appname=gradlew org.gradle.wrapper.GradleWrapperMain -q -Ptarget-platform=android-x64 -Ptarget=D:\Flutter Project\ToDoAlerts\lib\main.dart -Pbase-application-name=android.app.Application -Pdart-defines=Zmx1dHRlci5pbnNwZWN0b3Iuc3RydWN0dXJlZEVycm9ycz10cnVl,RkxVVFRFUl9XRUJfQVVUT19ERVRFQ1Q9dHJ1ZQ==,RkxVVFRFUl9XRUJfQ0FOVkFTS0lUX1VSTD1odHRwczovL3d3dy5nc3RhdGljLmNvbS9mbHV0dGVyLWNhbnZhc2tpdC80NWY2ZTAwOTExMGRmNGYzNGVjMmNmOTlmNjNjZjczYjcxYjdhNDIwLw== -Pdart-obfuscation=false -Ptrack-widget-creation=true -Ptree-shake-icons=false -Pfilesystem-scheme=org-dartlang-root assembleDebug

Host: Intel(R) Core(TM) i5-6500 CPU @ 3.20GHz, 4 cores, 15G,  Windows 10 , 64 bit Build 19041 (10.0.19041.3031)
Time: Fri Jul 14 16:35:00 2023 India Standard Time elapsed time: 37.836299 seconds (0d 0h 0m 37s)

---------------  T H R E A D  ---------------

Current thread (0x0000027cf74fc6f0):  JavaThread "C1 CompilerThread0" daemon [_thread_in_native, id=16212, stack(0x0000009d08500000,0x0000009d08600000)]


Current CompileTask:
C1:  37836 1431       3       java.lang.reflect.AccessibleObject::checkCanSetAccessible (368 bytes)

Stack: [0x0000009d08500000,0x0000009d08600000]
Native frames: (J=compiled Java code, j=interpreted, Vv=VM code, C=native code)
V  [jvm.dll+0x683b4a]
V  [jvm.dll+0x842654]
V  [jvm.dll+0x843dfe]
V  [jvm.dll+0x844463]
V  [jvm.dll+0x249b75]
V  [jvm.dll+0xabecc]
V  [jvm.dll+0xac27c]
V  [jvm.dll+0x1796d8]
V  [jvm.dll+0x17b811]
V  [jvm.dll+0x135f83]
V  [jvm.dll+0x13587f]
V  [jvm.dll+0x135ab6]
V  [jvm.dll+0x134f4a]
V  [jvm.dll+0x136c11]
V  [jvm.dll+0x22b098]
V  [jvm.dll+0x229159]
V  [jvm.dll+0x7f809c]
V  [jvm.dll+0x7f25fa]
V  [jvm.dll+0x682985]
C  [ucrtbase.dll+0x21bb2]
C  [KERNEL32.DLL+0x17614]
C  [ntdll.dll+0x526f1]


---------------  P R O C E S S  ---------------

Threads class SMR info:
_java_thread_list=0x0000027cf90edce0, length=15, elements={
0x0000027cd8a8cdb0, 0x0000027cf7462ab0, 0x0000027cf7463730, 0x0000027cf7490540,
0x0000027cf7493f20, 0x0000027cf74967f0, 0x0000027cf74970b0, 0x0000027cf7497ca0,
0x0000027cf74fc6f0, 0x0000027cf74ff780, 0x0000027cf76016d0, 0x0000027cf760b280,
0x0000027cf8087c40, 0x0000027cf925e020, 0x0000027cf925e4f0
}

Java Threads: ( => current thread )
  0x0000027cd8a8cdb0 JavaThread "main" [_thread_in_native, id=11236, stack(0x0000009d07700000,0x0000009d07800000)]
  0x0000027cf7462ab0 JavaThread "Reference Handler" daemon [_thread_blocked, id=17540, stack(0x0000009d07e00000,0x0000009d07f00000)]
  0x0000027cf7463730 JavaThread "Finalizer" daemon [_thread_blocked, id=9248, stack(0x0000009d07f00000,0x0000009d08000000)]
  0x0000027cf7490540 JavaThread "Signal Dispatcher" daemon [_thread_blocked, id=14560, stack(0x0000009d08000000,0x0000009d08100000)]
  0x0000027cf7493f20 JavaThread "Attach Listener" daemon [_thread_blocked, id=10592, stack(0x0000009d08100000,0x0000009d08200000)]
  0x0000027cf74967f0 JavaThread "Service Thread" daemon [_thread_blocked, id=4520, stack(0x0000009d08200000,0x0000009d08300000)]
  0x0000027cf74970b0 JavaThread "Monitor Deflation Thread" daemon [_thread_blocked, id=13792, stack(0x0000009d08300000,0x0000009d08400000)]
  0x0000027cf7497ca0 JavaThread "C2 CompilerThread0" daemon [_thread_blocked, id=6988, stack(0x0000009d08400000,0x0000009d08500000)]
=>0x0000027cf74fc6f0 JavaThread "C1 CompilerThread0" daemon [_thread_in_native, id=16212, stack(0x0000009d08500000,0x0000009d08600000)]
  0x0000027cf74ff780 JavaThread "Sweeper thread" daemon [_thread_blocked, id=16036, stack(0x0000009d08600000,0x0000009d08700000)]
  0x0000027cf76016d0 JavaThread "Notification Thread" daemon [_thread_blocked, id=17716, stack(0x0000009d08700000,0x0000009d08800000)]
  0x0000027cf760b280 JavaThread "Common-Cleaner" daemon [_thread_blocked, id=9688, stack(0x0000009d08900000,0x0000009d08a00000)]
  0x0000027cf8087c40 JavaThread "pool-1-thread-1" [_thread_blocked, id=15572, stack(0x0000009d08d00000,0x0000009d08e00000)]
  0x0000027cf925e020 JavaThread "DisconnectableInputStream source reader" daemon [_thread_in_native, id=16372, stack(0x0000009d08f00000,0x0000009d09000000)]
  0x0000027cf925e4f0 JavaThread "Forward input" [_thread_blocked, id=11004, stack(0x0000009d09000000,0x0000009d09100000)]

Other Threads:
  0x0000027cf6b9e410 VMThread "VM Thread" [stack: 0x0000009d07d00000,0x0000009d07e00000] [id=16472]
  0x0000027cf7601fb0 WatcherThread [stack: 0x0000009d08800000,0x0000009d08900000] [id=13548]
  0x0000027cd8afa090 GCTaskThread "GC Thread#0" [stack: 0x0000009d07800000,0x0000009d07900000] [id=16096]
  0x0000027cf7aa5200 GCTaskThread "GC Thread#1" [stack: 0x0000009d08a00000,0x0000009d08b00000] [id=1804]
  0x0000027cf7a3bda0 GCTaskThread "GC Thread#2" [stack: 0x0000009d08b00000,0x0000009d08c00000] [id=4368]
  0x0000027cf79a5440 GCTaskThread "GC Thread#3" [stack: 0x0000009d08c00000,0x0000009d08d00000] [id=17412]
  0x0000027cd8b0bd00 ConcurrentGCThread "G1 Main Marker" [stack: 0x0000009d07900000,0x0000009d07a00000] [id=6068]
  0x0000027cd8b0c620 ConcurrentGCThread "G1 Conc#0" [stack: 0x0000009d07a00000,0x0000009d07b00000] [id=12792]
  0x0000027cd8b3ec30 ConcurrentGCThread "G1 Refine#0" [stack: 0x0000009d07b00000,0x0000009d07c00000] [id=8364]
  0x0000027cf6a273f0 ConcurrentGCThread "G1 Service" [stack: 0x0000009d07c00000,0x0000009d07d00000] [id=6612]

Threads with active compile tasks:
C1 CompilerThread0    37885 1431       3       java.lang.reflect.AccessibleObject::checkCanSetAccessible (368 bytes)

VM state: not at safepoint (normal execution)

VM Mutex/Monitor currently owned by a thread: None

Heap address: 0x0000000701e00000, size: 4066 MB, Compressed Oops mode: Zero based, Oop shift amount: 3

CDS archive(s) not mapped
Compressed class space mapped at: 0x0000000800000000-0x0000000840000000, reserved size: 1073741824
Narrow klass base: 0x0000000800000000, Narrow klass shift: 0, Narrow klass range: 0x40000000

GC Precious Log:
 CPUs: 4 total, 4 available
 Memory: 16263M
 Large Page Support: Disabled
 NUMA Support: Disabled
 Compressed Oops: Enabled (Zero based)
 Heap Region Size: 2M
 Heap Min Capacity: 8M
 Heap Initial Capacity: 256M
 Heap Max Capacity: 4066M
 Pre-touch: Disabled
 Parallel Workers: 4
 Concurrent Workers: 1
 Concurrent Refinement Workers: 4
 Periodic GC: Disabled

Heap:
 garbage-first heap   total 262144K, used 26667K [0x0000000701e00000, 0x0000000800000000)
  region size 2048K, 10 young (20480K), 1 survivors (2048K)
 Metaspace       used 17563K, committed 17728K, reserved 1064960K
  class space    used 2023K, committed 2112K, reserved 1048576K

Heap Regions: E=young(eden), S=young(survivor), O=old, HS=humongous(starts), HC=humongous(continues), CS=collection set, F=free, OA=open archive, CA=closed archive, TAMS=top-at-mark-start (previous, next)
|   0|0x0000000701e00000, 0x0000000702000000, 0x0000000702000000|100%|HS|  |TAMS 0x0000000701e00000, 0x0000000701e00000| Complete 
|   1|0x0000000702000000, 0x0000000702200000, 0x0000000702200000|100%|HC|  |TAMS 0x0000000702000000, 0x0000000702000000| Complete 
|   2|0x0000000702200000, 0x0000000702400000, 0x0000000702400000|100%| O|  |TAMS 0x0000000702200000, 0x0000000702200000| Untracked 
|   3|0x0000000702400000, 0x0000000702600000, 0x0000000702600000|100%| O|  |TAMS 0x0000000702400000, 0x0000000702400000| Untracked 
|   4|0x0000000702600000, 0x000000070260ac00, 0x0000000702800000|  2%| O|  |TAMS 0x0000000702600000, 0x0000000702600000| Untracked 
|   5|0x0000000702800000, 0x0000000702800000, 0x0000000702a00000|  0%| F|  |TAMS 0x0000000702800000, 0x0000000702800000| Untracked 
|   6|0x0000000702a00000, 0x0000000702a00000, 0x0000000702c00000|  0%| F|  |TAMS 0x0000000702a00000, 0x0000000702a00000| Untracked 
|   7|0x0000000702c00000, 0x0000000702c00000, 0x0000000702e00000|  0%| F|  |TAMS 0x0000000702c00000, 0x0000000702c00000| Untracked 
|   8|0x0000000702e00000, 0x0000000702e00000, 0x0000000703000000|  0%| F|  |TAMS 0x0000000702e00000, 0x0000000702e00000| Untracked 
|   9|0x0000000703000000, 0x0000000703000000, 0x0000000703200000|  0%| F|  |TAMS 0x0000000703000000, 0x0000000703000000| Untracked 
|  10|0x0000000703200000, 0x0000000703200000, 0x0000000703400000|  0%| F|  |TAMS 0x0000000703200000, 0x0000000703200000| Untracked 
|  11|0x0000000703400000, 0x0000000703400000, 0x0000000703600000|  0%| F|  |TAMS 0x0000000703400000, 0x0000000703400000| Untracked 
|  12|0x0000000703600000, 0x0000000703600000, 0x0000000703800000|  0%| F|  |TAMS 0x0000000703600000, 0x0000000703600000| Untracked 
|  13|0x0000000703800000, 0x0000000703800000, 0x0000000703a00000|  0%| F|  |TAMS 0x0000000703800000, 0x0000000703800000| Untracked 
|  14|0x0000000703a00000, 0x0000000703a00000, 0x0000000703c00000|  0%| F|  |TAMS 0x0000000703a00000, 0x0000000703a00000| Untracked 
|  15|0x0000000703c00000, 0x0000000703c00000, 0x0000000703e00000|  0%| F|  |TAMS 0x0000000703c00000, 0x0000000703c00000| Untracked 
|  16|0x0000000703e00000, 0x0000000703e00000, 0x0000000704000000|  0%| F|  |TAMS 0x0000000703e00000, 0x0000000703e00000| Untracked 
|  17|0x0000000704000000, 0x0000000704000000, 0x0000000704200000|  0%| F|  |TAMS 0x0000000704000000, 0x0000000704000000| Untracked 
|  18|0x0000000704200000, 0x0000000704200000, 0x0000000704400000|  0%| F|  |TAMS 0x0000000704200000, 0x0000000704200000| Untracked 
|  19|0x0000000704400000, 0x0000000704400000, 0x0000000704600000|  0%| F|  |TAMS 0x0000000704400000, 0x0000000704400000| Untracked 
|  20|0x0000000704600000, 0x0000000704600000, 0x0000000704800000|  0%| F|  |TAMS 0x0000000704600000, 0x0000000704600000| Untracked 
|  21|0x0000000704800000, 0x0000000704800000, 0x0000000704a00000|  0%| F|  |TAMS 0x0000000704800000, 0x0000000704800000| Untracked 
|  22|0x0000000704a00000, 0x0000000704a00000, 0x0000000704c00000|  0%| F|  |TAMS 0x0000000704a00000, 0x0000000704a00000| Untracked 
|  23|0x0000000704c00000, 0x0000000704c00000, 0x0000000704e00000|  0%| F|  |TAMS 0x0000000704c00000, 0x0000000704c00000| Untracked 
|  24|0x0000000704e00000, 0x0000000704e00000, 0x0000000705000000|  0%| F|  |TAMS 0x0000000704e00000, 0x0000000704e00000| Untracked 
|  25|0x0000000705000000, 0x0000000705000000, 0x0000000705200000|  0%| F|  |TAMS 0x0000000705000000, 0x0000000705000000| Untracked 
|  26|0x0000000705200000, 0x0000000705200000, 0x0000000705400000|  0%| F|  |TAMS 0x0000000705200000, 0x0000000705200000| Untracked 
|  27|0x0000000705400000, 0x0000000705400000, 0x0000000705600000|  0%| F|  |TAMS 0x0000000705400000, 0x0000000705400000| Untracked 
|  28|0x0000000705600000, 0x0000000705600000, 0x0000000705800000|  0%| F|  |TAMS 0x0000000705600000, 0x0000000705600000| Untracked 
|  29|0x0000000705800000, 0x0000000705800000, 0x0000000705a00000|  0%| F|  |TAMS 0x0000000705800000, 0x0000000705800000| Untracked 
|  30|0x0000000705a00000, 0x0000000705a00000, 0x0000000705c00000|  0%| F|  |TAMS 0x0000000705a00000, 0x0000000705a00000| Untracked 
|  31|0x0000000705c00000, 0x0000000705c00000, 0x0000000705e00000|  0%| F|  |TAMS 0x0000000705c00000, 0x0000000705c00000| Untracked 
|  32|0x0000000705e00000, 0x0000000705e00000, 0x0000000706000000|  0%| F|  |TAMS 0x0000000705e00000, 0x0000000705e00000| Untracked 
|  33|0x0000000706000000, 0x0000000706000000, 0x0000000706200000|  0%| F|  |TAMS 0x0000000706000000, 0x0000000706000000| Untracked 
|  34|0x0000000706200000, 0x0000000706200000, 0x0000000706400000|  0%| F|  |TAMS 0x0000000706200000, 0x0000000706200000| Untracked 
|  35|0x0000000706400000, 0x0000000706400000, 0x0000000706600000|  0%| F|  |TAMS 0x0000000706400000, 0x0000000706400000| Untracked 
|  36|0x0000000706600000, 0x0000000706600000, 0x0000000706800000|  0%| F|  |TAMS 0x0000000706600000, 0x0000000706600000| Untracked 
|  37|0x0000000706800000, 0x0000000706800000, 0x0000000706a00000|  0%| F|  |TAMS 0x0000000706800000, 0x0000000706800000| Untracked 
|  38|0x0000000706a00000, 0x0000000706a00000, 0x0000000706c00000|  0%| F|  |TAMS 0x0000000706a00000, 0x0000000706a00000| Untracked 
|  39|0x0000000706c00000, 0x0000000706c00000, 0x0000000706e00000|  0%| F|  |TAMS 0x0000000706c00000, 0x0000000706c00000| Untracked 
|  40|0x0000000706e00000, 0x0000000706e00000, 0x0000000707000000|  0%| F|  |TAMS 0x0000000706e00000, 0x0000000706e00000| Untracked 
|  41|0x0000000707000000, 0x0000000707000000, 0x0000000707200000|  0%| F|  |TAMS 0x0000000707000000, 0x0000000707000000| Untracked 
|  42|0x0000000707200000, 0x0000000707200000, 0x0000000707400000|  0%| F|  |TAMS 0x0000000707200000, 0x0000000707200000| Untracked 
|  43|0x0000000707400000, 0x0000000707400000, 0x0000000707600000|  0%| F|  |TAMS 0x0000000707400000, 0x0000000707400000| Untracked 
|  44|0x0000000707600000, 0x0000000707600000, 0x0000000707800000|  0%| F|  |TAMS 0x0000000707600000, 0x0000000707600000| Untracked 
|  45|0x0000000707800000, 0x0000000707800000, 0x0000000707a00000|  0%| F|  |TAMS 0x0000000707800000, 0x0000000707800000| Untracked 
|  46|0x0000000707a00000, 0x0000000707a00000, 0x0000000707c00000|  0%| F|  |TAMS 0x0000000707a00000, 0x0000000707a00000| Untracked 
|  47|0x0000000707c00000, 0x0000000707c00000, 0x0000000707e00000|  0%| F|  |TAMS 0x0000000707c00000, 0x0000000707c00000| Untracked 
|  48|0x0000000707e00000, 0x0000000707e00000, 0x0000000708000000|  0%| F|  |TAMS 0x0000000707e00000, 0x0000000707e00000| Untracked 
|  49|0x0000000708000000, 0x0000000708000000, 0x0000000708200000|  0%| F|  |TAMS 0x0000000708000000, 0x0000000708000000| Untracked 
|  50|0x0000000708200000, 0x0000000708200000, 0x0000000708400000|  0%| F|  |TAMS 0x0000000708200000, 0x0000000708200000| Untracked 
|  51|0x0000000708400000, 0x0000000708400000, 0x0000000708600000|  0%| F|  |TAMS 0x0000000708400000, 0x0000000708400000| Untracked 
|  52|0x0000000708600000, 0x0000000708600000, 0x0000000708800000|  0%| F|  |TAMS 0x0000000708600000, 0x0000000708600000| Untracked 
|  53|0x0000000708800000, 0x0000000708800000, 0x0000000708a00000|  0%| F|  |TAMS 0x0000000708800000, 0x0000000708800000| Untracked 
|  54|0x0000000708a00000, 0x0000000708a00000, 0x0000000708c00000|  0%| F|  |TAMS 0x0000000708a00000, 0x0000000708a00000| Untracked 
|  55|0x0000000708c00000, 0x0000000708c00000, 0x0000000708e00000|  0%| F|  |TAMS 0x0000000708c00000, 0x0000000708c00000| Untracked 
|  56|0x0000000708e00000, 0x0000000708e00000, 0x0000000709000000|  0%| F|  |TAMS 0x0000000708e00000, 0x0000000708e00000| Untracked 
|  57|0x0000000709000000, 0x0000000709000000, 0x0000000709200000|  0%| F|  |TAMS 0x0000000709000000, 0x0000000709000000| Untracked 
|  58|0x0000000709200000, 0x0000000709200000, 0x0000000709400000|  0%| F|  |TAMS 0x0000000709200000, 0x0000000709200000| Untracked 
|  59|0x0000000709400000, 0x0000000709400000, 0x0000000709600000|  0%| F|  |TAMS 0x0000000709400000, 0x0000000709400000| Untracked 
|  60|0x0000000709600000, 0x0000000709600000, 0x0000000709800000|  0%| F|  |TAMS 0x0000000709600000, 0x0000000709600000| Untracked 
|  61|0x0000000709800000, 0x0000000709800000, 0x0000000709a00000|  0%| F|  |TAMS 0x0000000709800000, 0x0000000709800000| Untracked 
|  62|0x0000000709a00000, 0x0000000709a00000, 0x0000000709c00000|  0%| F|  |TAMS 0x0000000709a00000, 0x0000000709a00000| Untracked 
|  63|0x0000000709c00000, 0x0000000709c00000, 0x0000000709e00000|  0%| F|  |TAMS 0x0000000709c00000, 0x0000000709c00000| Untracked 
|  64|0x0000000709e00000, 0x0000000709e00000, 0x000000070a000000|  0%| F|  |TAMS 0x0000000709e00000, 0x0000000709e00000| Untracked 
|  65|0x000000070a000000, 0x000000070a000000, 0x000000070a200000|  0%| F|  |TAMS 0x000000070a000000, 0x000000070a000000| Untracked 
|  66|0x000000070a200000, 0x000000070a200000, 0x000000070a400000|  0%| F|  |TAMS 0x000000070a200000, 0x000000070a200000| Untracked 
|  67|0x000000070a400000, 0x000000070a400000, 0x000000070a600000|  0%| F|  |TAMS 0x000000070a400000, 0x000000070a400000| Untracked 
|  68|0x000000070a600000, 0x000000070a600000, 0x000000070a800000|  0%| F|  |TAMS 0x000000070a600000, 0x000000070a600000| Untracked 
|  69|0x000000070a800000, 0x000000070a800000, 0x000000070aa00000|  0%| F|  |TAMS 0x000000070a800000, 0x000000070a800000| Untracked 
|  70|0x000000070aa00000, 0x000000070aa00000, 0x000000070ac00000|  0%| F|  |TAMS 0x000000070aa00000, 0x000000070aa00000| Untracked 
|  71|0x000000070ac00000, 0x000000070ac00000, 0x000000070ae00000|  0%| F|  |TAMS 0x000000070ac00000, 0x000000070ac00000| Untracked 
|  72|0x000000070ae00000, 0x000000070ae00000, 0x000000070b000000|  0%| F|  |TAMS 0x000000070ae00000, 0x000000070ae00000| Untracked 
|  73|0x000000070b000000, 0x000000070b000000, 0x000000070b200000|  0%| F|  |TAMS 0x000000070b000000, 0x000000070b000000| Untracked 
|  74|0x000000070b200000, 0x000000070b200000, 0x000000070b400000|  0%| F|  |TAMS 0x000000070b200000, 0x000000070b200000| Untracked 
|  75|0x000000070b400000, 0x000000070b400000, 0x000000070b600000|  0%| F|  |TAMS 0x000000070b400000, 0x000000070b400000| Untracked 
|  76|0x000000070b600000, 0x000000070b600000, 0x000000070b800000|  0%| F|  |TAMS 0x000000070b600000, 0x000000070b600000| Untracked 
|  77|0x000000070b800000, 0x000000070b800000, 0x000000070ba00000|  0%| F|  |TAMS 0x000000070b800000, 0x000000070b800000| Untracked 
|  78|0x000000070ba00000, 0x000000070ba00000, 0x000000070bc00000|  0%| F|  |TAMS 0x000000070ba00000, 0x000000070ba00000| Untracked 
|  79|0x000000070bc00000, 0x000000070bc00000, 0x000000070be00000|  0%| F|  |TAMS 0x000000070bc00000, 0x000000070bc00000| Untracked 
|  80|0x000000070be00000, 0x000000070be00000, 0x000000070c000000|  0%| F|  |TAMS 0x000000070be00000, 0x000000070be00000| Untracked 
|  81|0x000000070c000000, 0x000000070c000000, 0x000000070c200000|  0%| F|  |TAMS 0x000000070c000000, 0x000000070c000000| Untracked 
|  82|0x000000070c200000, 0x000000070c200000, 0x000000070c400000|  0%| F|  |TAMS 0x000000070c200000, 0x000000070c200000| Untracked 
|  83|0x000000070c400000, 0x000000070c400000, 0x000000070c600000|  0%| F|  |TAMS 0x000000070c400000, 0x000000070c400000| Untracked 
|  84|0x000000070c600000, 0x000000070c600000, 0x000000070c800000|  0%| F|  |TAMS 0x000000070c600000, 0x000000070c600000| Untracked 
|  85|0x000000070c800000, 0x000000070c800000, 0x000000070ca00000|  0%| F|  |TAMS 0x000000070c800000, 0x000000070c800000| Untracked 
|  86|0x000000070ca00000, 0x000000070ca00000, 0x000000070cc00000|  0%| F|  |TAMS 0x000000070ca00000, 0x000000070ca00000| Untracked 
|  87|0x000000070cc00000, 0x000000070cc00000, 0x000000070ce00000|  0%| F|  |TAMS 0x000000070cc00000, 0x000000070cc00000| Untracked 
|  88|0x000000070ce00000, 0x000000070ce00000, 0x000000070d000000|  0%| F|  |TAMS 0x000000070ce00000, 0x000000070ce00000| Untracked 
|  89|0x000000070d000000, 0x000000070d000000, 0x000000070d200000|  0%| F|  |TAMS 0x000000070d000000, 0x000000070d000000| Untracked 
|  90|0x000000070d200000, 0x000000070d200000, 0x000000070d400000|  0%| F|  |TAMS 0x000000070d200000, 0x000000070d200000| Untracked 
|  91|0x000000070d400000, 0x000000070d400000, 0x000000070d600000|  0%| F|  |TAMS 0x000000070d400000, 0x000000070d400000| Untracked 
|  92|0x000000070d600000, 0x000000070d600000, 0x000000070d800000|  0%| F|  |TAMS 0x000000070d600000, 0x000000070d600000| Untracked 
|  93|0x000000070d800000, 0x000000070d800000, 0x000000070da00000|  0%| F|  |TAMS 0x000000070d800000, 0x000000070d800000| Untracked 
|  94|0x000000070da00000, 0x000000070da00000, 0x000000070dc00000|  0%| F|  |TAMS 0x000000070da00000, 0x000000070da00000| Untracked 
|  95|0x000000070dc00000, 0x000000070dc00000, 0x000000070de00000|  0%| F|  |TAMS 0x000000070dc00000, 0x000000070dc00000| Untracked 
|  96|0x000000070de00000, 0x000000070de00000, 0x000000070e000000|  0%| F|  |TAMS 0x000000070de00000, 0x000000070de00000| Untracked 
|  97|0x000000070e000000, 0x000000070e000000, 0x000000070e200000|  0%| F|  |TAMS 0x000000070e000000, 0x000000070e000000| Untracked 
|  98|0x000000070e200000, 0x000000070e200000, 0x000000070e400000|  0%| F|  |TAMS 0x000000070e200000, 0x000000070e200000| Untracked 
|  99|0x000000070e400000, 0x000000070e400000, 0x000000070e600000|  0%| F|  |TAMS 0x000000070e400000, 0x000000070e400000| Untracked 
| 100|0x000000070e600000, 0x000000070e600000, 0x000000070e800000|  0%| F|  |TAMS 0x000000070e600000, 0x000000070e600000| Untracked 
| 101|0x000000070e800000, 0x000000070e800000, 0x000000070ea00000|  0%| F|  |TAMS 0x000000070e800000, 0x000000070e800000| Untracked 
| 102|0x000000070ea00000, 0x000000070ea00000, 0x000000070ec00000|  0%| F|  |TAMS 0x000000070ea00000, 0x000000070ea00000| Untracked 
| 103|0x000000070ec00000, 0x000000070ec00000, 0x000000070ee00000|  0%| F|  |TAMS 0x000000070ec00000, 0x000000070ec00000| Untracked 
| 104|0x000000070ee00000, 0x000000070ee00000, 0x000000070f000000|  0%| F|  |TAMS 0x000000070ee00000, 0x000000070ee00000| Untracked 
| 105|0x000000070f000000, 0x000000070f000000, 0x000000070f200000|  0%| F|  |TAMS 0x000000070f000000, 0x000000070f000000| Untracked 
| 106|0x000000070f200000, 0x000000070f200000, 0x000000070f400000|  0%| F|  |TAMS 0x000000070f200000, 0x000000070f200000| Untracked 
| 107|0x000000070f400000, 0x000000070f400000, 0x000000070f600000|  0%| F|  |TAMS 0x000000070f400000, 0x000000070f400000| Untracked 
| 108|0x000000070f600000, 0x000000070f600000, 0x000000070f800000|  0%| F|  |TAMS 0x000000070f600000, 0x000000070f600000| Untracked 
| 109|0x000000070f800000, 0x000000070f800000, 0x000000070fa00000|  0%| F|  |TAMS 0x000000070f800000, 0x000000070f800000| Untracked 
| 110|0x000000070fa00000, 0x000000070fa00000, 0x000000070fc00000|  0%| F|  |TAMS 0x000000070fa00000, 0x000000070fa00000| Untracked 
| 111|0x000000070fc00000, 0x000000070fc00000, 0x000000070fe00000|  0%| F|  |TAMS 0x000000070fc00000, 0x000000070fc00000| Untracked 
| 112|0x000000070fe00000, 0x000000070fe00000, 0x0000000710000000|  0%| F|  |TAMS 0x000000070fe00000, 0x000000070fe00000| Untracked 
| 113|0x0000000710000000, 0x0000000710000000, 0x0000000710200000|  0%| F|  |TAMS 0x0000000710000000, 0x0000000710000000| Untracked 
| 114|0x0000000710200000, 0x0000000710200000, 0x0000000710400000|  0%| F|  |TAMS 0x0000000710200000, 0x0000000710200000| Untracked 
| 115|0x0000000710400000, 0x0000000710400000, 0x0000000710600000|  0%| F|  |TAMS 0x0000000710400000, 0x0000000710400000| Untracked 
| 116|0x0000000710600000, 0x0000000710600000, 0x0000000710800000|  0%| F|  |TAMS 0x0000000710600000, 0x0000000710600000| Untracked 
| 117|0x0000000710800000, 0x0000000710800000, 0x0000000710a00000|  0%| F|  |TAMS 0x0000000710800000, 0x0000000710800000| Untracked 
| 118|0x0000000710a00000, 0x0000000710a35b40, 0x0000000710c00000| 10%| E|  |TAMS 0x0000000710a00000, 0x0000000710a00000| Complete 
| 119|0x0000000710c00000, 0x0000000710e00000, 0x0000000710e00000|100%| S|CS|TAMS 0x0000000710c00000, 0x0000000710c00000| Complete 
| 120|0x0000000710e00000, 0x0000000711000000, 0x0000000711000000|100%| E|CS|TAMS 0x0000000710e00000, 0x0000000710e00000| Complete 
| 121|0x0000000711000000, 0x0000000711200000, 0x0000000711200000|100%| E|CS|TAMS 0x0000000711000000, 0x0000000711000000| Complete 
| 122|0x0000000711200000, 0x0000000711400000, 0x0000000711400000|100%| E|CS|TAMS 0x0000000711200000, 0x0000000711200000| Complete 
| 123|0x0000000711400000, 0x0000000711600000, 0x0000000711600000|100%| E|CS|TAMS 0x0000000711400000, 0x0000000711400000| Complete 
| 124|0x0000000711600000, 0x0000000711800000, 0x0000000711800000|100%| E|CS|TAMS 0x0000000711600000, 0x0000000711600000| Complete 
| 125|0x0000000711800000, 0x0000000711a00000, 0x0000000711a00000|100%| E|CS|TAMS 0x0000000711800000, 0x0000000711800000| Complete 
| 126|0x0000000711a00000, 0x0000000711c00000, 0x0000000711c00000|100%| E|CS|TAMS 0x0000000711a00000, 0x0000000711a00000| Complete 
| 127|0x0000000711c00000, 0x0000000711e00000, 0x0000000711e00000|100%| E|CS|TAMS 0x0000000711c00000, 0x0000000711c00000| Complete 

Card table byte_map: [0x0000027ceb740000,0x0000027cebf40000] _byte_map_base: 0x0000027ce7f31000

Marking Bits (Prev, Next): (CMBitMap*) 0x0000027cd8afb5c0, (CMBitMap*) 0x0000027cd8afb600
 Prev Bits: [0x0000027cec740000, 0x0000027cf06c8000)
 Next Bits: [0x0000027cf06d0000, 0x0000027cf4658000)

Polling page: 0x0000027cd6a00000

Metaspace:

Usage:
  Non-class:     15.18 MB used.
      Class:      1.98 MB used.
       Both:     17.15 MB used.

Virtual space:
  Non-class space:       16.00 MB reserved,      15.25 MB ( 95%) committed,  2 nodes.
      Class space:        1.00 GB reserved,       2.06 MB ( <1%) committed,  1 nodes.
             Both:        1.02 GB reserved,      17.31 MB (  2%) committed. 

Chunk freelists:
   Non-Class:  656.00 KB
       Class:  1.98 MB
        Both:  2.62 MB

MaxMetaspaceSize: unlimited
CompressedClassSpaceSize: 1.00 GB
Initial GC threshold: 21.00 MB
Current GC threshold: 21.00 MB
CDS: off
MetaspaceReclaimPolicy: balanced
 - commit_granule_bytes: 65536.
 - commit_granule_words: 8192.
 - virtual_space_node_default_size: 1048576.
 - enlarge_chunks_in_place: 1.
 - new_chunks_are_fully_committed: 0.
 - uncommit_free_chunks: 1.
 - use_allocation_guard: 0.
 - handle_deallocations: 1.


Internal statistics:

num_allocs_failed_limit: 0.
num_arena_births: 90.
num_arena_deaths: 0.
num_vsnodes_births: 3.
num_vsnodes_deaths: 0.
num_space_committed: 277.
num_space_uncommitted: 0.
num_chunks_returned_to_freelist: 0.
num_chunks_taken_from_freelist: 328.
num_chunk_merges: 0.
num_chunk_splits: 219.
num_chunks_enlarged: 183.
num_purges: 0.
num_inconsistent_stats: 0.

CodeHeap 'non-profiled nmethods': size=120000Kb used=561Kb max_used=561Kb free=119438Kb
 bounds [0x0000027ce3a10000, 0x0000027ce3c80000, 0x0000027ceaf40000]
CodeHeap 'profiled nmethods': size=120000Kb used=2804Kb max_used=2804Kb free=117195Kb
 bounds [0x0000027cdbf40000, 0x0000027cdc200000, 0x0000027ce3470000]
CodeHeap 'non-nmethods': size=5760Kb used=1174Kb max_used=1194Kb free=4586Kb
 bounds [0x0000027ce3470000, 0x0000027ce36e0000, 0x0000027ce3a10000]
 total_blobs=1902 nmethods=1430 adapters=385
 compilation: enabled
              stopped_count=0, restarted_count=0
 full_count=0

Compilation events (20 events):
Event: 29.997 Thread 0x0000027cf74fc6f0 nmethod 1421 0x0000027cdc1f9d90 code [0x0000027cdc1f9f40, 0x0000027cdc1fa1b8]
Event: 30.250 Thread 0x0000027cf74fc6f0 1422       3       java.util.ArrayList::fastRemove (44 bytes)
Event: 30.250 Thread 0x0000027cf74fc6f0 nmethod 1422 0x0000027cdc1fa290 code [0x0000027cdc1fa440, 0x0000027cdc1fa848]
Event: 30.294 Thread 0x0000027cf74fc6f0 1423       3       java.lang.Enum::compareTo (44 bytes)
Event: 30.294 Thread 0x0000027cf74fc6f0 nmethod 1423 0x0000027cdc1fa990 code [0x0000027cdc1fab80, 0x0000027cdc1fb0a8]
Event: 31.810 Thread 0x0000027cf74fc6f0 1424       3       java.util.concurrent.locks.AbstractQueuedSynchronizer$Node::getAndUnsetStatus (14 bytes)
Event: 31.810 Thread 0x0000027cf74fc6f0 nmethod 1424 0x0000027cdc1fb290 code [0x0000027cdc1fb440, 0x0000027cdc1fb748]
Event: 37.194 Thread 0x0000027cf74fc6f0 1425       3       org.gradle.internal.logging.console.ThrottlingOutputEventListener::renderNow (40 bytes)
Event: 37.194 Thread 0x0000027cf74fc6f0 nmethod 1425 0x0000027cdc1fb890 code [0x0000027cdc1fba60, 0x0000027cdc1fbf88]
Event: 37.829 Thread 0x0000027cf74fc6f0 1426       3       java.nio.Buffer::remaining (20 bytes)
Event: 37.829 Thread 0x0000027cf74fc6f0 nmethod 1426 0x0000027cdc1fc110 code [0x0000027cdc1fc2a0, 0x0000027cdc1fc438]
Event: 37.832 Thread 0x0000027cf74fc6f0 1427       3       java.nio.MappedByteBuffer::position (6 bytes)
Event: 37.832 Thread 0x0000027cf74fc6f0 nmethod 1427 0x0000027cdc1fc510 code [0x0000027cdc1fc6c0, 0x0000027cdc1fc8c8]
Event: 37.832 Thread 0x0000027cf74fc6f0 1428       1       java.lang.Thread::isInterrupted (5 bytes)
Event: 37.832 Thread 0x0000027cf74fc6f0 nmethod 1428 0x0000027ce3a9c310 code [0x0000027ce3a9c4a0, 0x0000027ce3a9c578]
Event: 37.833 Thread 0x0000027cf74fc6f0 1429       3       java.lang.reflect.AccessibleObject::checkPermission (16 bytes)
Event: 37.833 Thread 0x0000027cf74fc6f0 nmethod 1429 0x0000027cdc1fca10 code [0x0000027cdc1fcbc0, 0x0000027cdc1fcea8]
Event: 37.833 Thread 0x0000027cf74fc6f0 1430       3       java.lang.reflect.AccessibleObject::checkCanSetAccessible (9 bytes)
Event: 37.833 Thread 0x0000027cf74fc6f0 nmethod 1430 0x0000027cdc1fcf90 code [0x0000027cdc1fd120, 0x0000027cdc1fd268]
Event: 37.833 Thread 0x0000027cf74fc6f0 1431       3       java.lang.reflect.AccessibleObject::checkCanSetAccessible (368 bytes)

GC Heap History (4 events):
Event: 1.073 GC heap before
{Heap before GC invocations=0 (full 0):
 garbage-first heap   total 262144K, used 14336K [0x0000000701e00000, 0x0000000800000000)
  region size 2048K, 6 young (12288K), 0 survivors (0K)
 Metaspace       used 8352K, committed 8512K, reserved 1056768K
  class space    used 734K, committed 768K, reserved 1048576K
}
Event: 1.086 GC heap after
{Heap after GC invocations=1 (full 0):
 garbage-first heap   total 262144K, used 1981K [0x0000000701e00000, 0x0000000800000000)
  region size 2048K, 1 young (2048K), 1 survivors (2048K)
 Metaspace       used 8352K, committed 8512K, reserved 1056768K
  class space    used 734K, committed 768K, reserved 1048576K
}
Event: 1.760 GC heap before
{Heap before GC invocations=1 (full 0):
 garbage-first heap   total 262144K, used 20413K [0x0000000701e00000, 0x0000000800000000)
  region size 2048K, 8 young (16384K), 1 survivors (2048K)
 Metaspace       used 12034K, committed 12160K, reserved 1064960K
  class space    used 1319K, committed 1344K, reserved 1048576K
}
Event: 1.765 GC heap after
{Heap after GC invocations=2 (full 0):
 garbage-first heap   total 262144K, used 10283K [0x0000000701e00000, 0x0000000800000000)
  region size 2048K, 1 young (2048K), 1 survivors (2048K)
 Metaspace       used 12034K, committed 12160K, reserved 1064960K
  class space    used 1319K, committed 1344K, reserved 1048576K
}

Dll operation events (2 events):
Event: 0.049 Loaded shared library C:\Program Files\Android\Android Studio1\jbr\bin\java.dll
Event: 0.437 Loaded shared library C:\Program Files\Android\Android Studio1\jbr\bin\verify.dll

Deoptimization events (20 events):
Event: 2.324 Thread 0x0000027cd8a8cdb0 DEOPT PACKING pc=0x0000027cdbfb6c18 sp=0x0000009d077fc2f0
Event: 2.324 Thread 0x0000027cd8a8cdb0 DEOPT UNPACKING pc=0x0000027ce34c7143 sp=0x0000009d077fb808 mode 0
Event: 2.325 Thread 0x0000027cd8a8cdb0 DEOPT PACKING pc=0x0000027cdbff4fc7 sp=0x0000009d077fc100
Event: 2.325 Thread 0x0000027cd8a8cdb0 DEOPT UNPACKING pc=0x0000027ce34c7143 sp=0x0000009d077fb5c8 mode 0
Event: 2.336 Thread 0x0000027cd8a8cdb0 DEOPT PACKING pc=0x0000027cdbfb6c18 sp=0x0000009d077fc2f0
Event: 2.336 Thread 0x0000027cd8a8cdb0 DEOPT UNPACKING pc=0x0000027ce34c7143 sp=0x0000009d077fb808 mode 0
Event: 2.369 Thread 0x0000027cd8a8cdb0 DEOPT PACKING pc=0x0000027cdbfb6c18 sp=0x0000009d077fc2b0
Event: 2.369 Thread 0x0000027cd8a8cdb0 DEOPT UNPACKING pc=0x0000027ce34c7143 sp=0x0000009d077fb7b8 mode 0
Event: 2.560 Thread 0x0000027cf8fe6730 Uncommon trap: trap_request=0xffffff45 fr.pc=0x0000027ce3a615c8 relative=0x0000000000000048
Event: 2.560 Thread 0x0000027cf8fe6730 Uncommon trap: reason=unstable_if action=reinterpret pc=0x0000027ce3a615c8 method=java.lang.CharacterData.of(I)Ljava/lang/CharacterData; @ 4 c2
Event: 2.560 Thread 0x0000027cf8fe6730 DEOPT PACKING pc=0x0000027ce3a615c8 sp=0x0000009d08ffe8f0
Event: 2.560 Thread 0x0000027cf8fe6730 DEOPT UNPACKING pc=0x0000027ce34c69a3 sp=0x0000009d08ffe888 mode 2
Event: 2.564 Thread 0x0000027cf8fe6730 Uncommon trap: trap_request=0xffffff45 fr.pc=0x0000027ce3a79f60 relative=0x0000000000000140
Event: 2.564 Thread 0x0000027cf8fe6730 Uncommon trap: reason=unstable_if action=reinterpret pc=0x0000027ce3a79f60 method=java.lang.AbstractStringBuilder.putStringAt(ILjava/lang/String;II)V @ 8 c2
Event: 2.564 Thread 0x0000027cf8fe6730 DEOPT PACKING pc=0x0000027ce3a79f60 sp=0x0000009d08fff130
Event: 2.564 Thread 0x0000027cf8fe6730 DEOPT UNPACKING pc=0x0000027ce34c69a3 sp=0x0000009d08fff060 mode 2
Event: 2.564 Thread 0x0000027cf8fe6730 Uncommon trap: trap_request=0xffffff45 fr.pc=0x0000027ce3a6e0a0 relative=0x0000000000000400
Event: 2.564 Thread 0x0000027cf8fe6730 Uncommon trap: reason=unstable_if action=reinterpret pc=0x0000027ce3a6e0a0 method=java.lang.AbstractStringBuilder.isLatin1()Z @ 10 c2
Event: 2.564 Thread 0x0000027cf8fe6730 DEOPT PACKING pc=0x0000027ce3a6e0a0 sp=0x0000009d08fff1e0
Event: 2.564 Thread 0x0000027cf8fe6730 DEOPT UNPACKING pc=0x0000027ce34c69a3 sp=0x0000009d08fff160 mode 2

Classes unloaded (0 events):
No events

Classes redefined (0 events):
No events

Internal exceptions (20 events):
Event: 1.603 Thread 0x0000027cd8a8cdb0 Exception <a 'java/lang/NoSuchMethodError'{0x0000000711278560}: 'java.lang.Object java.lang.invoke.Invokers$Holder.invoker(java.lang.Object, java.lang.Object, java.lang.Object)'> (0x0000000711278560) 
thrown [s\src\hotspot\share\interpreter\linkResolver.cpp, line 771]
Event: 1.606 Thread 0x0000027cd8a8cdb0 Exception <a 'java/lang/NoSuchMethodError'{0x0000000711281690}: 'java.lang.Object java.lang.invoke.DirectMethodHandle$Holder.invokeStatic(java.lang.Object, java.lang.Object, int)'> (0x0000000711281690) 
thrown [s\src\hotspot\share\interpreter\linkResolver.cpp, line 771]
Event: 1.610 Thread 0x0000027cd8a8cdb0 Exception <a 'java/lang/NoSuchMethodError'{0x000000071128d380}: 'void java.lang.invoke.DelegatingMethodHandle$Holder.delegate(java.lang.Object, java.lang.Object, int, java.lang.Object)'> (0x000000071128d380) 
thrown [s\src\hotspot\share\interpreter\linkResolver.cpp, line 771]
Event: 1.616 Thread 0x0000027cd8a8cdb0 Exception <a 'java/lang/NoSuchMethodError'{0x0000000711291708}: 'int java.lang.invoke.DirectMethodHandle$Holder.invokeSpecial(java.lang.Object, java.lang.Object, java.lang.Object)'> (0x0000000711291708) 
thrown [s\src\hotspot\share\interpreter\linkResolver.cpp, line 771]
Event: 1.621 Thread 0x0000027cd8a8cdb0 Exception <a 'java/lang/NoSuchMethodError'{0x00000007112a48c0}: 'java.lang.Object java.lang.invoke.Invokers$Holder.invokeExact_MT(java.lang.Object, java.lang.Object, java.lang.Object, java.lang.Object)'> (0x00000007112a48c0) 
thrown [s\src\hotspot\share\interpreter\linkResolver.cpp, line 771]
Event: 1.783 Thread 0x0000027cd8a8cdb0 Exception <a 'java/lang/NoSuchMethodError'{0x0000000711ca0e78}: 'java.lang.Object java.lang.invoke.DirectMethodHandle$Holder.invokeInterface(java.lang.Object, java.lang.Object, java.lang.Object)'> (0x0000000711ca0e78) 
thrown [s\src\hotspot\share\interpreter\linkResolver.cpp, line 771]
Event: 1.792 Thread 0x0000027cd8a8cdb0 Exception <a 'java/lang/NoSuchMethodError'{0x0000000711cc28f0}: 'void java.lang.invoke.DirectMethodHandle$Holder.invokeSpecial(java.lang.Object, java.lang.Object, java.lang.Object)'> (0x0000000711cc28f0) 
thrown [s\src\hotspot\share\interpreter\linkResolver.cpp, line 771]
Event: 1.812 Thread 0x0000027cd8a8cdb0 Implicit null exception at 0x0000027ce3a51c8f to 0x0000027ce3a52114
Event: 1.812 Thread 0x0000027cd8a8cdb0 Implicit null exception at 0x0000027ce3a4af14 to 0x0000027ce3a4b35c
Event: 1.851 Thread 0x0000027cd8a8cdb0 Exception <a 'java/lang/NoSuchMethodError'{0x0000000711a9bea0}: 'java.lang.Object java.lang.invoke.DirectMethodHandle$Holder.invokeStaticInit(java.lang.Object)'> (0x0000000711a9bea0) 
thrown [s\src\hotspot\share\interpreter\linkResolver.cpp, line 771]
Event: 2.009 Thread 0x0000027cd8a8cdb0 Exception <a 'java/lang/NoSuchMethodError'{0x00000007116937b8}: 'java.lang.Object java.lang.invoke.DirectMethodHandle$Holder.invokeStaticInit(java.lang.Object, int, int, int, int)'> (0x00000007116937b8) 
thrown [s\src\hotspot\share\interpreter\linkResolver.cpp, line 771]
Event: 2.126 Thread 0x0000027cd8a8cdb0 Exception <a 'java/lang/NoSuchMethodError'{0x00000007116d0a90}: 'java.lang.Object java.lang.invoke.DirectMethodHandle$Holder.invokeStaticInit(java.lang.Object, java.lang.Object, int, int, int, int)'> (0x00000007116d0a90) 
thrown [s\src\hotspot\share\interpreter\linkResolver.cpp, line 771]
Event: 2.211 Thread 0x0000027cd8a8cdb0 Exception <a 'java/lang/NoSuchMethodError'{0x00000007116fc1f0}: 'void java.lang.invoke.DirectMethodHandle$Holder.invokeStatic(java.lang.Object, java.lang.Object, java.lang.Object)'> (0x00000007116fc1f0) 
thrown [s\src\hotspot\share\interpreter\linkResolver.cpp, line 771]
Event: 2.229 Thread 0x0000027cd8a8cdb0 Implicit null exception at 0x0000027ce3a48e72 to 0x0000027ce3a494ac
Event: 2.230 Thread 0x0000027cd8a8cdb0 Implicit null exception at 0x0000027ce3a46a72 to 0x0000027ce3a470ac
Event: 2.478 Thread 0x0000027cf8fe6730 Exception <a 'java/lang/NoSuchMethodError'{0x00000007110f71f0}: 'void java.lang.invoke.DirectMethodHandle$Holder.invokeStatic(java.lang.Object, long)'> (0x00000007110f71f0) 
thrown [s\src\hotspot\share\interpreter\linkResolver.cpp, line 771]
Event: 2.479 Thread 0x0000027cf8fe6730 Exception <a 'java/lang/NoSuchMethodError'{0x00000007110fc8a0}: 'java.lang.Object java.lang.invoke.DirectMethodHandle$Holder.newInvokeSpecial(java.lang.Object, long)'> (0x00000007110fc8a0) 
thrown [s\src\hotspot\share\interpreter\linkResolver.cpp, line 771]
Event: 2.481 Thread 0x0000027cf8fe6730 Exception <a 'java/lang/NoSuchMethodError'{0x0000000711107448}: 'java.lang.Object java.lang.invoke.DirectMethodHandle$Holder.invokeStaticInit(java.lang.Object, java.lang.Object, long, java.lang.Object)'> (0x0000000711107448) 
thrown [s\src\hotspot\share\interpreter\linkResolver.cpp, line 771]
Event: 2.482 Thread 0x0000027cf8fe6730 Exception <a 'java/lang/NoSuchMethodError'{0x000000071110dad0}: 'java.lang.Object java.lang.invoke.DirectMethodHandle$Holder.newInvokeSpecial(java.lang.Object, java.lang.Object, long)'> (0x000000071110dad0) 
thrown [s\src\hotspot\share\interpreter\linkResolver.cpp, line 771]
Event: 2.483 Thread 0x0000027cf8fe6730 Exception <a 'java/lang/NoSuchMethodError'{0x0000000711111dc0}: 'java.lang.Object java.lang.invoke.Invokers$Holder.linkToTargetMethod(java.lang.Object, long, java.lang.Object)'> (0x0000000711111dc0) 
thrown [s\src\hotspot\share\interpreter\linkResolver.cpp, line 771]

VM Operations (20 events):
Event: 1.934 Executing VM operation: HandshakeAllThreads
Event: 1.934 Executing VM operation: HandshakeAllThreads done
Event: 2.116 Executing VM operation: HandshakeAllThreads
Event: 2.116 Executing VM operation: HandshakeAllThreads done
Event: 2.487 Executing VM operation: HandshakeAllThreads
Event: 2.528 Executing VM operation: HandshakeAllThreads done
Event: 2.561 Executing VM operation: HandshakeAllThreads
Event: 2.561 Executing VM operation: HandshakeAllThreads done
Event: 3.570 Executing VM operation: Cleanup
Event: 3.570 Executing VM operation: Cleanup done
Event: 6.604 Executing VM operation: Cleanup
Event: 6.604 Executing VM operation: Cleanup done
Event: 6.927 Executing VM operation: HandshakeAllThreads
Event: 6.927 Executing VM operation: HandshakeAllThreads done
Event: 7.932 Executing VM operation: Cleanup
Event: 7.932 Executing VM operation: Cleanup done
Event: 25.087 Executing VM operation: Cleanup
Event: 25.087 Executing VM operation: Cleanup done
Event: 28.118 Executing VM operation: Cleanup
Event: 28.118 Executing VM operation: Cleanup done

Events (20 events):
Event: 13.456 loading class jdk/internal/reflect/ByteVectorFactory
Event: 13.456 loading class jdk/internal/reflect/ByteVectorFactory done
Event: 13.456 loading class jdk/internal/reflect/ByteVectorImpl
Event: 13.456 loading class jdk/internal/reflect/ByteVector
Event: 13.456 loading class jdk/internal/reflect/ByteVector done
Event: 13.456 loading class jdk/internal/reflect/ByteVectorImpl done
Event: 13.456 loading class jdk/internal/reflect/ClassFileAssembler
Event: 13.456 loading class jdk/internal/reflect/ClassFileAssembler done
Event: 13.456 loading class jdk/internal/reflect/UTF8
Event: 13.456 loading class jdk/internal/reflect/UTF8 done
Event: 13.457 loading class jdk/internal/reflect/Label
Event: 13.457 loading class jdk/internal/reflect/Label done
Event: 13.457 loading class jdk/internal/reflect/Label$PatchInfo
Event: 13.457 loading class jdk/internal/reflect/Label$PatchInfo done
Event: 13.457 loading class jdk/internal/reflect/MethodAccessorGenerator$1
Event: 13.457 loading class jdk/internal/reflect/MethodAccessorGenerator$1 done
Event: 13.457 loading class jdk/internal/reflect/ClassDefiner
Event: 13.457 loading class jdk/internal/reflect/ClassDefiner done
Event: 13.457 loading class jdk/internal/reflect/ClassDefiner$1
Event: 13.457 loading class jdk/internal/reflect/ClassDefiner$1 done


Dynamic libraries:
0x00007ff711fa0000 - 0x00007ff711faa000 	C:\Program Files\Android\Android Studio1\jbr\bin\java.exe
0x00007ffa41cb0000 - 0x00007ffa41ea8000 	C:\Windows\SYSTEM32\ntdll.dll
0x00007ffa40070000 - 0x00007ffa4012f000 	C:\Windows\System32\KERNEL32.DLL
0x00007ffa3f7d0000 - 0x00007ffa3fac6000 	C:\Windows\System32\KERNELBASE.dll
0x00007ffa3f610000 - 0x00007ffa3f710000 	C:\Windows\System32\ucrtbase.dll
0x00007ffa26fb0000 - 0x00007ffa26fc7000 	C:\Program Files\Android\Android Studio1\jbr\bin\jli.dll
0x00007ffa41290000 - 0x00007ffa4142d000 	C:\Windows\System32\USER32.dll
0x00007ffa3f4f0000 - 0x00007ffa3f512000 	C:\Windows\System32\win32u.dll
0x00007ffa3fdc0000 - 0x00007ffa3fdec000 	C:\Windows\System32\GDI32.dll
0x00007ffa3fb80000 - 0x00007ffa3fc95000 	C:\Windows\System32\gdi32full.dll
0x00007ffa3f570000 - 0x00007ffa3f60d000 	C:\Windows\System32\msvcp_win.dll
0x00007ffa24540000 - 0x00007ffa2455b000 	C:\Program Files\Android\Android Studio1\jbr\bin\VCRUNTIME140.dll
0x00007ffa2e9d0000 - 0x00007ffa2ec6a000 	C:\Windows\WinSxS\amd64_microsoft.windows.common-controls_6595b64144ccf1df_6.0.19041.1110_none_60b5254171f9507e\COMCTL32.dll
0x00007ffa416e0000 - 0x00007ffa4177e000 	C:\Windows\System32\msvcrt.dll
0x00007ffa40d80000 - 0x00007ffa40db0000 	C:\Windows\System32\IMM32.DLL
0x0000000051a40000 - 0x0000000051a4c000 	C:\Program Files (x86)\360\Total Security\safemon\SafeWrapper.dll
0x00007ffa41630000 - 0x00007ffa416df000 	C:\Windows\System32\ADVAPI32.dll
0x00007ffa3fd20000 - 0x00007ffa3fdbc000 	C:\Windows\System32\sechost.dll
0x00007ffa41500000 - 0x00007ffa41626000 	C:\Windows\System32\RPCRT4.dll
0x00007ffa0fee0000 - 0x00007ffa0ff72000 	C:\Program Files (x86)\360\Total Security\safemon\libzdtp64.dll
0x00007ffa40220000 - 0x00007ffa40964000 	C:\Windows\System32\SHELL32.dll
0x00007ffa40c40000 - 0x00007ffa40c95000 	C:\Windows\System32\SHLWAPI.dll
0x00007ffa3ee30000 - 0x00007ffa3ee3a000 	C:\Windows\SYSTEM32\VERSION.dll
0x00007ffa3cb10000 - 0x00007ffa3cb1c000 	C:\Program Files\Android\Android Studio1\jbr\bin\vcruntime140_1.dll
0x00007ffa10520000 - 0x00007ffa105ad000 	C:\Program Files\Android\Android Studio1\jbr\bin\msvcp140.dll
0x00007ffa01d20000 - 0x00007ffa0298d000 	C:\Program Files\Android\Android Studio1\jbr\bin\server\jvm.dll
0x00007ffa27a00000 - 0x00007ffa27a09000 	C:\Windows\SYSTEM32\WSOCK32.dll
0x00007ffa41220000 - 0x00007ffa4128b000 	C:\Windows\System32\WS2_32.dll
0x00007ffa2e0d0000 - 0x00007ffa2e0f7000 	C:\Windows\SYSTEM32\WINMM.dll
0x00007ffa3d1f0000 - 0x00007ffa3d202000 	C:\Windows\SYSTEM32\kernel.appcore.dll
0x00007ffa01910000 - 0x00007ffa0191a000 	C:\Program Files\Android\Android Studio1\jbr\bin\jimage.dll
0x00007ffa29210000 - 0x00007ffa293f4000 	C:\Windows\SYSTEM32\DBGHELP.DLL
0x00007ffa29080000 - 0x00007ffa290b4000 	C:\Windows\SYSTEM32\dbgcore.DLL
0x00007ffa3f710000 - 0x00007ffa3f792000 	C:\Windows\System32\bcryptPrimitives.dll
0x00007ffa018e0000 - 0x00007ffa01905000 	C:\Program Files\Android\Android Studio1\jbr\bin\java.dll
0x00007ffa018c0000 - 0x00007ffa018d8000 	C:\Program Files\Android\Android Studio1\jbr\bin\zip.dll
0x00007ffa3d3f0000 - 0x00007ffa3db83000 	C:\Windows\SYSTEM32\windows.storage.dll
0x00007ffa40db0000 - 0x00007ffa41104000 	C:\Windows\System32\combase.dll
0x00007ffa3ec90000 - 0x00007ffa3ecbe000 	C:\Windows\SYSTEM32\Wldp.dll
0x00007ffa40970000 - 0x00007ffa40a1d000 	C:\Windows\System32\SHCORE.dll
0x00007ffa3f2d0000 - 0x00007ffa3f2ef000 	C:\Windows\SYSTEM32\profapi.dll
0x00007ffa018a0000 - 0x00007ffa018b9000 	C:\Program Files\Android\Android Studio1\jbr\bin\net.dll
0x00007ffa395d0000 - 0x00007ffa396da000 	C:\Windows\SYSTEM32\WINHTTP.dll
0x00007ffa3e9f0000 - 0x00007ffa3ea5a000 	C:\Windows\system32\mswsock.dll
0x00007ffa01880000 - 0x00007ffa01896000 	C:\Program Files\Android\Android Studio1\jbr\bin\nio.dll
0x00007ff9e3f10000 - 0x00007ff9e3f20000 	C:\Program Files\Android\Android Studio1\jbr\bin\verify.dll
0x00007ffa3ae20000 - 0x00007ffa3ae47000 	C:\Users\Marquee-S04\.gradle\native\e1d6ef7f7dcc3fd88c89a11ec53ec762bb8ba0a96d01ffa2cd45eb1d1d8dd5c5\windows-amd64\native-platform.dll
0x00007ffa1e3f0000 - 0x00007ffa1e3f9000 	C:\Program Files\Android\Android Studio1\jbr\bin\management.dll
0x00007ffa1e3e0000 - 0x00007ffa1e3eb000 	C:\Program Files\Android\Android Studio1\jbr\bin\management_ext.dll
0x00007ffa40060000 - 0x00007ffa40068000 	C:\Windows\System32\PSAPI.DLL
0x00007ffa3ebe0000 - 0x00007ffa3ebf8000 	C:\Windows\SYSTEM32\CRYPTSP.dll
0x00007ffa3e310000 - 0x00007ffa3e344000 	C:\Windows\system32\rsaenh.dll
0x00007ffa3f7a0000 - 0x00007ffa3f7c7000 	C:\Windows\System32\bcrypt.dll
0x00007ffa3f290000 - 0x00007ffa3f2be000 	C:\Windows\SYSTEM32\USERENV.dll
0x00007ffa3ec00000 - 0x00007ffa3ec0c000 	C:\Windows\SYSTEM32\CRYPTBASE.dll
0x00007ffa3e6e0000 - 0x00007ffa3e71c000 	C:\Windows\SYSTEM32\IPHLPAPI.DLL
0x00007ffa3fd10000 - 0x00007ffa3fd18000 	C:\Windows\System32\NSI.dll
0x00007ffa390d0000 - 0x00007ffa390e7000 	C:\Windows\SYSTEM32\dhcpcsvc6.DLL
0x00007ffa392d0000 - 0x00007ffa392ed000 	C:\Windows\SYSTEM32\dhcpcsvc.DLL
0x00007ffa3e720000 - 0x00007ffa3e7ea000 	C:\Windows\SYSTEM32\DNSAPI.dll
0x00007ff9e33d0000 - 0x00007ff9e33d7000 	C:\Windows\system32\wshunix.dll

dbghelp: loaded successfully - version: 4.0.5 - missing functions: none
symbol engine: initialized successfully - sym options: 0x614 - pdb path: .;C:\Program Files\Android\Android Studio1\jbr\bin;C:\Windows\SYSTEM32;C:\Windows\WinSxS\amd64_microsoft.windows.common-controls_6595b64144ccf1df_6.0.19041.1110_none_60b5254171f9507e;C:\Program Files (x86)\360\Total Security\safemon;C:\Program Files\Android\Android Studio1\jbr\bin\server;C:\Users\Marquee-S04\.gradle\native\e1d6ef7f7dcc3fd88c89a11ec53ec762bb8ba0a96d01ffa2cd45eb1d1d8dd5c5\windows-amd64

VM Arguments:
jvm_args: -Dorg.gradle.appname=gradlew 
java_command: org.gradle.wrapper.GradleWrapperMain -q -Ptarget-platform=android-x64 -Ptarget=D:\Flutter Project\ToDoAlerts\lib\main.dart -Pbase-application-name=android.app.Application -Pdart-defines=Zmx1dHRlci5pbnNwZWN0b3Iuc3RydWN0dXJlZEVycm9ycz10cnVl,RkxVVFRFUl9XRUJfQVVUT19ERVRFQ1Q9dHJ1ZQ==,RkxVVFRFUl9XRUJfQ0FOVkFTS0lUX1VSTD1odHRwczovL3d3dy5nc3RhdGljLmNvbS9mbHV0dGVyLWNhbnZhc2tpdC80NWY2ZTAwOTExMGRmNGYzNGVjMmNmOTlmNjNjZjczYjcxYjdhNDIwLw== -Pdart-obfuscation=false -Ptrack-widget-creation=true -Ptree-shake-icons=false -Pfilesystem-scheme=org-dartlang-root assembleDebug
java_class_path (initial): D:\Flutter Project\ToDoAlerts\android\\gradle\wrapper\gradle-wrapper.jar
Launcher Type: SUN_STANDARD

[Global flags]
     intx CICompilerCount                          = 3                                         {product} {ergonomic}
     uint ConcGCThreads                            = 1                                         {product} {ergonomic}
     uint G1ConcRefinementThreads                  = 4                                         {product} {ergonomic}
   size_t G1HeapRegionSize                         = 2097152                                   {product} {ergonomic}
    uintx GCDrainStackTargetSize                   = 64                                        {product} {ergonomic}
   size_t InitialHeapSize                          = 268435456                                 {product} {ergonomic}
   size_t MarkStackSize                            = 4194304                                   {product} {ergonomic}
   size_t MaxHeapSize                              = 4263510016                                {product} {ergonomic}
   size_t MaxNewSize                               = 2556428288                                {product} {ergonomic}
   size_t MinHeapDeltaBytes                        = 2097152                                   {product} {ergonomic}
   size_t MinHeapSize                              = 8388608                                   {product} {ergonomic}
    uintx NonNMethodCodeHeapSize                   = 5832780                                {pd product} {ergonomic}
    uintx NonProfiledCodeHeapSize                  = 122912730                              {pd product} {ergonomic}
    uintx ProfiledCodeHeapSize                     = 122912730                              {pd product} {ergonomic}
    uintx ReservedCodeCacheSize                    = 251658240                              {pd product} {ergonomic}
     bool SegmentedCodeCache                       = true                                      {product} {ergonomic}
   size_t SoftMaxHeapSize                          = 4263510016                             {manageable} {ergonomic}
     bool UseCompressedClassPointers               = true                           {product lp64_product} {ergonomic}
     bool UseCompressedOops                        = true                           {product lp64_product} {ergonomic}
     bool UseG1GC                                  = true                                      {product} {ergonomic}
     bool UseLargePagesIndividualAllocation        = false                                  {pd product} {ergonomic}

Logging:
Log output configuration:
 #0: stdout all=warning uptime,level,tags
 #1: stderr all=off uptime,level,tags

Environment Variables:
JAVA_HOME=C:\Program Files\Android\Android Studio1\jbr
CLASSPATH=D:\Flutter Project\ToDoAlerts\android\\gradle\wrapper\gradle-wrapper.jar
PATH=C:\Program Files\Common Files\Oracle\Java\javapath;C:\Program Files (x86)\Common Files\Oracle\Java\javapath;C:\Program Files\Microsoft\jdk-11.0.12.7-hotspot\bin;C:\Windows\system32;C:\Windows;C:\Windows\System32\Wbem;C:\Windows\System32\WindowsPowerShell\v1.0\;C:\Windows\System32\OpenSSH\;C:\flutter\bin;C:\Program Files\dotnet\;C:\Program Files\Microsoft SQL Server\150\Tools\Binn\;C:\Program Files\Git\cmd;C:\ProgramData\chocolatey\bin;C:\Program Files\MongoDB\Server\6.0\bin;C:\mongosh-1.5.4\bin;D:\mongotools;C:\Users\Marquee-S04\AppData\Roaming\nvm;C:\Program Files\nodejs;C:\Users\Marquee-S04\AppData\Local\Microsoft\WindowsApps;C:\flutter\bin;C:\Users\Marquee-S04\.dotnet\tools;C:\Users\Marquee-S04\AppData\Local\Programs\Microsoft VS Code\bin;C:\gradle-7.5.1\bin;C:\Users\Marquee-S04\AppData\Roaming\npm;C:\Program Files\MongoDB\Server\6.0\bin;C:\mongosh-1.5.4\bin;C:\Users\Marquee-S04\AppData\Roaming\nvm;C:\Program Files\nodejs;C:\Users\Marquee-S04\AppData\Local\GitHubDesktop\bin;C:\Users\Marquee-S04\AppData\Local\Android\Sdk\platform-tools;;C:\flutter\bin\mingit\cmd
USERNAME=Marquee-S04
OS=Windows_NT
PROCESSOR_IDENTIFIER=Intel64 Family 6 Model 94 Stepping 3, GenuineIntel
TMP=C:\Users\MARQUE~1\AppData\Local\Temp
TEMP=C:\Users\MARQUE~1\AppData\Local\Temp



---------------  S Y S T E M  ---------------

OS:
 Windows 10 , 64 bit Build 19041 (10.0.19041.3031)
OS uptime: 4 days 4:01 hours

CPU: total 4 (initial active 4) (4 cores per cpu, 1 threads per core) family 6 model 94 stepping 3 microcode 0xd6, cx8, cmov, fxsr, mmx, 3dnowpref, sse, sse2, sse3, ssse3, sse4.1, sse4.2, popcnt, lzcnt, tsc, tscinvbit, avx, avx2, aes, erms, clmul, bmi1, bmi2, rtm, adx, fma, vzeroupper, clflush, clflushopt

Memory: 4k page, system-wide physical 16263M (912M free)
TotalPageFile size 46037M (AvailPageFile size 0M)
current process WorkingSet (physical memory assigned to process): 86M, peak: 91M
current process commit charge ("private bytes"): 354M, peak: 358M

vm_info: OpenJDK 64-Bit Server VM (17.0.6+0-b2043.56-9586694) for windows-amd64 JRE (17.0.6+0-b2043.56-9586694), built on Feb  9 2023 20:06:20 by "androidbuild" with MS VC++ 16.10 / 16.11 (VS2019)

END.
